SF:lib/data/datasources/db/database_helper.dart
DA:8,1
DA:12,2
DA:16,0
DA:17,0
DA:23,0
DA:24,0
DA:25,0
DA:27,0
DA:31,0
DA:32,0
DA:39,0
DA:43,0
DA:44,0
DA:45,0
DA:48,0
DA:49,0
DA:50,0
DA:53,0
DA:57,0
DA:58,0
DA:59,0
DA:62,0
DA:65,0
DA:66,0
DA:71,0
DA:72,0
DA:73,0
LF:27
LH:2
end_of_record
SF:lib/injection.dart
DA:27,3
DA:29,1
DA:31,2
DA:32,0
DA:33,0
DA:36,2
DA:37,0
DA:38,0
DA:41,2
DA:42,0
DA:43,0
DA:46,2
DA:47,0
DA:48,0
DA:49,0
DA:50,0
DA:51,0
DA:54,2
DA:55,0
DA:56,0
DA:59,2
DA:60,0
DA:61,0
DA:64,2
DA:65,0
DA:66,0
DA:69,2
DA:70,0
DA:71,0
DA:77,2
DA:78,2
DA:79,2
DA:80,2
DA:81,2
DA:82,2
DA:83,2
DA:84,2
DA:85,2
DA:86,2
DA:87,2
DA:91,2
DA:92,0
DA:93,0
DA:94,0
DA:100,2
DA:101,0
DA:102,0
DA:105,2
DA:106,0
DA:107,0
DA:113,2
DA:114,2
LF:52
LH:26
end_of_record
SF:lib/data/models/episode_model.dart
DA:5,35
DA:27,3
DA:28,3
DA:29,3
DA:30,3
DA:31,3
DA:32,3
DA:33,3
DA:34,3
DA:35,3
DA:36,3
DA:37,3
DA:41,2
DA:42,2
DA:43,4
DA:44,4
DA:45,4
DA:46,4
DA:47,4
DA:48,4
DA:49,4
DA:50,4
DA:51,4
DA:55,2
DA:56,2
DA:57,2
DA:58,2
DA:59,2
DA:60,2
DA:61,2
DA:62,2
DA:63,2
DA:64,2
DA:65,2
DA:69,3
DA:70,3
DA:71,3
DA:72,3
DA:73,3
DA:74,3
DA:75,3
DA:76,3
DA:77,3
DA:78,3
DA:79,3
LF:45
LH:45
end_of_record
SF:lib/domain/entities/episode.dart
DA:4,34
DA:26,3
DA:27,3
DA:28,3
DA:29,3
DA:30,3
DA:31,3
DA:32,3
DA:33,3
DA:34,3
DA:35,3
DA:36,3
LF:12
LH:12
end_of_record
SF:lib/data/models/genre_model.dart
DA:5,35
DA:13,6
DA:14,3
DA:15,3
DA:18,4
DA:19,2
DA:20,2
DA:23,3
DA:24,9
DA:27,3
DA:28,3
DA:29,3
DA:30,3
LF:13
LH:13
end_of_record
SF:lib/domain/entities/genre.dart
DA:4,35
DA:12,4
DA:13,12
LF:3
LH:3
end_of_record
SF:lib/data/models/season_detail_model.dart
DA:6,34
DA:24,2
DA:25,2
DA:26,2
DA:27,2
DA:28,2
DA:29,2
DA:30,2
DA:31,2
DA:32,10
DA:36,1
DA:38,2
DA:42,1
DA:43,1
DA:44,2
DA:45,2
DA:46,2
DA:47,2
DA:48,2
DA:49,2
DA:50,2
DA:51,6
DA:55,1
DA:56,1
DA:57,1
DA:58,1
DA:59,1
DA:60,1
DA:61,1
DA:62,1
DA:63,5
DA:67,2
DA:68,2
DA:69,2
DA:70,2
DA:71,2
DA:72,2
DA:73,2
DA:74,2
DA:75,2
LF:40
LH:40
end_of_record
SF:lib/domain/entities/season_detail.dart
DA:5,33
DA:23,2
DA:24,2
DA:25,2
DA:26,2
DA:27,2
DA:28,2
DA:29,2
DA:30,2
DA:31,2
LF:10
LH:10
end_of_record
SF:lib/data/models/season_model.dart
DA:5,34
DA:17,2
DA:18,2
DA:19,2
DA:20,2
DA:21,2
DA:22,2
DA:26,0
DA:28,0
DA:32,1
DA:33,1
DA:34,2
DA:35,2
DA:36,2
DA:37,2
DA:41,1
DA:42,1
DA:43,1
DA:44,1
DA:45,1
DA:46,1
DA:50,2
DA:51,2
DA:52,2
DA:53,2
DA:54,2
DA:55,2
LF:27
LH:25
end_of_record
SF:lib/domain/entities/season.dart
DA:4,33
DA:16,1
DA:17,1
DA:18,1
DA:19,1
DA:20,1
DA:21,1
LF:7
LH:7
end_of_record
SF:lib/data/models/tvseries_detail_model.dart
DA:7,34
DA:53,2
DA:54,2
DA:55,2
DA:56,2
DA:57,2
DA:58,10
DA:59,2
DA:60,2
DA:61,2
DA:62,2
DA:63,2
DA:64,2
DA:65,2
DA:66,2
DA:67,2
DA:68,4
DA:69,2
DA:70,2
DA:71,2
DA:72,2
DA:73,4
DA:74,2
DA:75,8
DA:79,1
DA:80,1
DA:81,2
DA:82,2
DA:83,2
DA:84,6
DA:85,2
DA:86,2
DA:87,2
DA:88,2
DA:89,2
DA:90,2
DA:91,2
DA:92,2
DA:93,2
DA:94,2
DA:95,2
DA:96,2
DA:97,2
DA:98,2
DA:99,2
DA:100,2
DA:101,4
DA:105,2
DA:106,2
DA:107,2
DA:108,2
DA:109,2
DA:110,10
DA:111,2
DA:112,2
DA:113,2
DA:114,2
DA:115,2
DA:116,2
DA:117,2
DA:118,6
DA:122,2
DA:123,2
DA:124,2
DA:125,2
DA:126,2
DA:127,2
DA:128,2
DA:129,2
DA:130,2
DA:131,2
DA:132,2
DA:133,2
DA:134,2
DA:135,2
DA:136,2
DA:137,2
DA:138,2
DA:139,2
DA:140,2
DA:141,2
DA:142,2
DA:143,2
DA:144,2
LF:84
LH:84
end_of_record
SF:lib/domain/entities/tvseries_detail.dart
DA:6,34
DA:34,2
DA:36,4
DA:37,6
DA:40,2
DA:44,6
DA:47,3
DA:48,3
DA:49,3
DA:50,3
DA:51,3
DA:52,3
DA:53,3
DA:54,3
DA:55,3
DA:56,3
DA:57,3
DA:58,3
DA:59,3
DA:60,3
LF:20
LH:20
end_of_record
SF:lib/data/models/tvseries_model.dart
DA:19,38
DA:35,3
DA:36,3
DA:37,3
DA:38,3
DA:39,12
DA:40,3
DA:41,3
DA:42,6
DA:43,3
DA:44,3
DA:45,3
DA:46,6
DA:47,3
DA:48,6
DA:49,3
DA:53,2
DA:54,2
DA:55,4
DA:56,4
DA:57,10
DA:58,4
DA:59,4
DA:60,4
DA:61,4
DA:62,4
DA:63,4
DA:64,4
DA:65,4
DA:66,4
DA:67,4
DA:71,2
DA:72,2
DA:73,2
DA:74,2
DA:75,2
DA:76,2
DA:77,2
DA:81,3
DA:82,3
DA:83,3
DA:84,3
DA:85,3
DA:86,3
DA:87,3
DA:88,3
DA:89,3
DA:90,3
DA:91,3
DA:92,3
DA:93,3
DA:94,3
DA:95,3
LF:53
LH:53
end_of_record
SF:lib/domain/entities/tvseries.dart
DA:5,15
DA:13,1
DA:26,8
DA:27,8
DA:28,8
DA:29,8
DA:30,8
DA:31,8
DA:32,8
LF:9
LH:9
end_of_record
SF:lib/data/models/tvseries_table.dart
DA:11,34
DA:18,2
DA:19,1
DA:20,1
DA:21,1
DA:22,1
DA:25,2
DA:26,1
DA:27,1
DA:28,1
DA:29,1
DA:32,0
DA:33,0
DA:34,0
DA:35,0
DA:36,0
DA:39,2
DA:40,1
DA:41,1
DA:42,1
DA:43,1
DA:46,2
DA:47,2
DA:48,2
DA:49,2
DA:50,2
DA:51,2
LF:27
LH:22
end_of_record
SF:lib/data/datasources/tvseries_local_data_source.dart
DA:15,1
DA:17,1
DA:20,2
DA:23,2
DA:27,1
DA:30,2
DA:33,2
DA:37,1
DA:39,2
DA:41,1
DA:47,1
DA:49,2
DA:50,4
LF:13
LH:13
end_of_record
SF:lib/data/datasources/tvseries_remote_data_source.dart
DA:26,1
DA:30,1
DA:32,2
DA:34,3
DA:37,1
DA:39,3
DA:41,2
DA:44,1
DA:46,3
DA:48,3
DA:51,1
DA:53,2
DA:55,3
DA:58,1
DA:60,2
DA:62,3
DA:65,1
DA:67,1
DA:68,2
DA:70,3
DA:73,1
DA:75,3
DA:76,2
LF:23
LH:23
end_of_record
SF:lib/data/models/tvseries_response.dart
DA:7,3
DA:9,4
DA:10,16
DA:13,2
DA:14,5
DA:17,1
DA:18,2
LF:7
LH:7
end_of_record
SF:lib/data/repositories/tvseries_repository_impl.dart
DA:18,1
DA:23,1
DA:26,2
DA:27,5
DA:28,1
DA:30,1
DA:35,1
DA:38,2
DA:39,5
DA:40,1
DA:42,1
DA:47,1
DA:50,2
DA:51,5
DA:52,1
DA:54,1
DA:59,1
DA:62,2
DA:63,5
DA:64,1
DA:66,1
DA:71,1
DA:74,2
DA:75,2
DA:76,1
DA:78,1
DA:83,1
DA:86,2
DA:87,3
DA:88,1
DA:90,1
DA:95,1
DA:98,3
DA:99,1
DA:100,1
DA:101,3
DA:107,1
DA:110,3
DA:111,1
DA:112,1
DA:113,3
DA:117,1
DA:119,2
DA:123,1
DA:125,2
DA:126,5
DA:129,0
DA:132,0
DA:133,0
DA:134,0
DA:136,0
LF:51
LH:46
end_of_record
SF:lib/domain/usecases/get_now_playing_tvseries.dart
DA:9,1
DA:11,1
DA:12,2
LF:3
LH:3
end_of_record
SF:lib/domain/usecases/get_popular_tvseries.dart
DA:9,1
DA:11,1
DA:12,2
LF:3
LH:3
end_of_record
SF:lib/domain/usecases/get_top_rated_tvseries.dart
DA:9,1
DA:11,1
DA:12,2
LF:3
LH:3
end_of_record
SF:lib/domain/usecases/get_tvseries_detail.dart
DA:9,1
DA:11,1
DA:12,2
LF:3
LH:3
end_of_record
SF:lib/domain/usecases/get_tvseries_recommendations.dart
DA:9,1
DA:11,1
DA:12,2
LF:3
LH:3
end_of_record
SF:lib/domain/usecases/get_tvseries_season_detail.dart
DA:9,1
DA:11,1
DA:12,2
LF:3
LH:3
end_of_record
SF:lib/domain/usecases/get_watchlist_status_tvseries.dart
DA:6,1
DA:8,1
DA:9,2
LF:3
LH:3
end_of_record
SF:lib/domain/usecases/get_watchlist_tvseries.dart
DA:9,1
DA:11,1
DA:12,2
LF:3
LH:3
end_of_record
SF:lib/domain/usecases/remove_watchlist_tvseries.dart
DA:9,1
DA:11,1
DA:12,2
LF:3
LH:3
end_of_record
SF:lib/domain/usecases/save_watchlist_tvseries.dart
DA:9,1
DA:11,1
DA:12,2
LF:3
LH:3
end_of_record
SF:lib/domain/usecases/search_tvseries.dart
DA:9,1
DA:11,1
DA:12,2
LF:3
LH:3
end_of_record
SF:lib/presentation/pages/home_tvseries/blocs/now_playing/now_playing_tvseries_bloc.dart
DA:6,6
DA:10,2
DA:11,4
DA:12,2
DA:13,2
DA:14,6
DA:16,2
DA:17,4
LF:8
LH:8
end_of_record
SF:lib/presentation/pages/home_tvseries/blocs/popular/popular_tvseries_bloc.dart
DA:6,6
DA:10,2
DA:11,4
DA:12,2
DA:13,2
DA:14,6
DA:16,2
DA:17,4
LF:8
LH:8
end_of_record
SF:lib/presentation/pages/home_tvseries/blocs/top_rated/top_rated_tvseries_bloc.dart
DA:6,6
DA:10,2
DA:11,4
DA:12,2
DA:13,2
DA:14,6
DA:16,2
DA:17,4
LF:8
LH:8
end_of_record
SF:lib/presentation/pages/search_tvseries/blocs/search_tvseries_bloc.dart
DA:6,3
DA:10,1
DA:11,2
DA:12,2
DA:13,1
DA:14,1
DA:15,3
DA:17,1
DA:18,2
LF:9
LH:9
end_of_record
SF:lib/presentation/pages/tvseries_detail/blocs/detail/tvseries_detail_bloc.dart
DA:10,1
DA:15,2
DA:25,1
DA:26,2
DA:27,2
DA:28,1
DA:29,1
DA:30,3
DA:32,1
DA:33,1
DA:34,1
DA:35,3
DA:40,1
DA:41,2
DA:43,1
DA:44,1
DA:45,2
DA:46,1
DA:47,1
DA:48,1
DA:51,1
DA:52,2
DA:53,2
DA:54,1
DA:55,1
DA:62,1
DA:63,2
DA:65,1
DA:66,1
DA:67,2
DA:68,1
DA:69,1
DA:70,1
DA:73,1
DA:74,2
DA:75,2
DA:76,1
DA:77,1
LF:38
LH:38
end_of_record
SF:lib/presentation/pages/tvseries_detail/blocs/recommendation/tvseries_recommendation_bloc.dart
DA:6,9
DA:10,2
DA:11,4
DA:12,2
DA:13,2
DA:14,6
DA:16,2
DA:17,4
LF:8
LH:8
end_of_record
SF:lib/presentation/pages/tvseries_detail/blocs/season/tvseries_detail_season_bloc.dart
DA:6,1
DA:8,2
DA:12,1
DA:13,2
DA:14,1
DA:15,1
DA:16,3
DA:18,1
DA:19,2
LF:9
LH:9
end_of_record
SF:lib/presentation/pages/watchlist_tvseries/blocs/watchlist_tvseries_bloc.dart
DA:6,3
DA:10,1
DA:11,2
DA:12,1
DA:13,1
DA:14,3
DA:16,1
DA:17,2
LF:8
LH:8
end_of_record
SF:lib/presentation/pages/home_tvseries/blocs/now_playing/now_playing_tvseries_state.dart
DA:5,3
DA:7,1
DA:8,1
DA:14,2
DA:18,1
DA:19,2
DA:23,3
DA:27,1
DA:28,2
LF:9
LH:9
end_of_record
SF:lib/presentation/pages/home_tvseries/blocs/popular/popular_tvseries_state.dart
DA:5,3
DA:7,1
DA:8,1
DA:14,2
DA:18,1
DA:19,2
DA:23,3
DA:27,1
DA:28,2
LF:9
LH:9
end_of_record
SF:lib/presentation/pages/home_tvseries/blocs/top_rated/top_rated_tvseries_state.dart
DA:5,3
DA:7,1
DA:8,1
DA:14,2
DA:18,1
DA:19,2
DA:23,3
DA:27,1
DA:28,2
LF:9
LH:9
end_of_record
SF:lib/presentation/pages/search_tvseries/blocs/search_tvseries_state.dart
DA:5,2
DA:7,1
DA:8,1
DA:16,1
DA:20,1
DA:21,2
DA:25,2
DA:29,1
DA:30,2
LF:9
LH:9
end_of_record
SF:lib/presentation/pages/tvseries_detail/blocs/detail/tvseries_detail_state.dart
DA:5,2
DA:7,1
DA:8,1
DA:14,2
DA:24,1
DA:25,1
DA:26,1
DA:27,1
DA:28,1
DA:33,2
DA:37,1
DA:38,2
LF:12
LH:12
end_of_record
SF:lib/presentation/pages/tvseries_detail/blocs/recommendation/tvseries_recommendation_state.dart
DA:5,4
DA:7,1
DA:8,1
DA:14,2
DA:18,1
DA:19,2
DA:23,3
DA:27,1
DA:28,2
LF:9
LH:9
end_of_record
SF:lib/presentation/pages/tvseries_detail/blocs/season/tvseries_detail_season_state.dart
DA:5,2
DA:7,1
DA:8,1
DA:14,1
DA:20,1
DA:21,1
DA:22,1
DA:27,2
DA:31,1
DA:32,2
LF:10
LH:10
end_of_record
SF:lib/presentation/pages/watchlist_tvseries/blocs/watchlist_tvseries_state.dart
DA:5,2
DA:7,1
DA:8,1
DA:14,1
DA:18,1
DA:19,2
DA:23,2
DA:27,1
DA:28,2
LF:9
LH:9
end_of_record
SF:lib/presentation/pages/tvseries_detail/widgets/contents/detail_season_content.dart
DA:6,1
DA:13,1
DA:15,1
DA:17,1
DA:27,3
DA:40,5
DA:53,3
LF:7
LH:7
end_of_record
SF:lib/presentation/pages/tvseries_detail/widgets/lists/season_episodes_list.dart
DA:5,2
DA:12,2
DA:14,2
DA:16,2
DA:17,0
DA:23,4
DA:24,2
DA:25,2
DA:26,2
DA:27,2
DA:29,6
DA:31,2
DA:32,2
DA:33,6
LF:14
LH:13
end_of_record
SF:lib/presentation/pages/tvseries_detail/tvseries_detail_page.dart
DA:9,0
DA:15,0
DA:17,0
DA:18,0
DA:19,0
DA:20,0
DA:22,0
DA:23,0
LF:8
LH:0
end_of_record
SF:lib/presentation/pages/tvseries_detail/tvseries_detail_screen.dart
DA:8,10
DA:10,0
DA:12,0
DA:13,0
DA:14,0
DA:15,0
DA:16,0
DA:17,0
DA:18,0
DA:19,0
DA:25,0
DA:26,0
DA:30,0
DA:31,0
DA:32,0
DA:33,0
DA:34,0
DA:37,0
DA:38,0
DA:40,0
LF:20
LH:1
end_of_record
SF:lib/presentation/pages/tvseries_detail/widgets/contents/detail_tvseries_content.dart
DA:15,1
DA:17,1
DA:19,3
DA:20,1
DA:21,1
DA:22,1
DA:23,3
DA:25,1
DA:28,0
DA:30,1
DA:32,1
DA:33,1
DA:34,1
DA:44,1
DA:45,1
DA:46,1
DA:48,1
DA:50,1
DA:52,1
DA:53,1
DA:54,2
DA:55,1
DA:57,1
DA:58,0
DA:59,0
DA:60,0
DA:62,0
DA:65,1
DA:67,1
DA:68,1
DA:73,1
DA:74,2
DA:76,1
DA:77,1
DA:78,1
DA:79,3
DA:81,1
DA:87,4
DA:91,1
DA:93,1
DA:95,1
DA:96,2
DA:99,1
DA:101,1
DA:103,1
DA:105,1
DA:107,3
DA:108,0
DA:109,0
DA:114,1
DA:116,1
DA:123,1
DA:125,1
DA:140,1
DA:142,1
DA:145,1
DA:147,0
DA:148,0
LF:58
LH:49
end_of_record
SF:lib/presentation/pages/tvseries_detail/widgets/lists/recommendation_tvseries_list.dart
DA:9,11
DA:11,2
DA:13,2
DA:14,2
DA:15,2
DA:19,1
DA:20,1
DA:22,1
DA:24,1
DA:25,2
DA:26,1
DA:28,1
DA:29,0
DA:30,0
DA:33,0
DA:36,1
DA:40,1
DA:41,2
DA:42,1
DA:45,0
DA:51,2
DA:54,1
DA:55,1
DA:57,2
DA:60,0
LF:25
LH:20
end_of_record
SF:lib/presentation/widgets/season_chip.dart
DA:6,1
DA:15,1
DA:17,1
DA:19,1
DA:21,1
DA:22,1
DA:24,1
DA:25,1
DA:27,0
DA:28,0
DA:30,1
DA:33,1
DA:34,1
DA:35,2
LF:14
LH:12
end_of_record
SF:lib/presentation/pages/tvseries_detail/widgets/dialogs/dialog_season.dart
DA:11,0
DA:12,0
DA:14,0
DA:15,0
DA:21,0
DA:24,0
DA:26,0
DA:27,0
DA:28,0
DA:33,0
DA:37,0
DA:38,0
DA:41,0
DA:45,0
DA:46,0
DA:47,0
DA:48,0
DA:49,0
DA:51,0
DA:55,0
DA:56,0
DA:65,0
DA:66,0
DA:67,0
DA:68,0
DA:69,0
DA:70,0
LF:27
LH:0
end_of_record
SF:lib/presentation/pages/home_tvseries/widgets/lists/tvseries_list.dart
DA:10,4
DA:12,4
DA:14,4
DA:16,4
DA:18,4
DA:19,4
DA:21,4
DA:22,0
DA:23,0
DA:26,0
DA:29,4
DA:31,4
DA:32,16
DA:33,4
DA:36,0
DA:42,8
LF:16
LH:12
end_of_record
SF:lib/presentation/pages/home_tvseries/widgets/lists/top_rated_tvseries_list.dart
DA:10,1
DA:13,1
DA:17,1
DA:19,1
DA:20,1
DA:21,1
DA:25,1
DA:26,2
DA:27,2
DA:29,1
DA:30,1
DA:31,2
DA:32,1
DA:34,2
DA:37,1
DA:38,1
DA:40,2
LF:17
LH:17
end_of_record
SF:lib/presentation/widgets/tvseries_card_list.dart
DA:10,4
DA:12,4
DA:14,4
DA:16,4
DA:17,0
DA:18,0
DA:21,0
DA:24,4
DA:26,4
DA:27,4
DA:28,4
DA:35,4
DA:37,4
DA:38,4
DA:39,8
DA:42,4
DA:45,4
DA:46,8
DA:54,4
DA:59,4
DA:61,4
DA:62,12
DA:64,4
DA:67,0
LF:24
LH:20
end_of_record
SF:lib/presentation/pages/home_tvseries/widgets/lists/now_playing_tvseries_list.dart
DA:10,1
DA:13,1
DA:17,1
DA:19,1
DA:20,1
DA:21,1
DA:25,1
DA:26,2
DA:27,2
DA:29,1
DA:30,1
DA:31,2
DA:32,1
DA:34,2
DA:37,1
DA:38,1
DA:40,2
LF:17
LH:17
end_of_record
SF:lib/presentation/pages/home_tvseries/widgets/labels/sub_heading.dart
DA:5,1
DA:9,1
DA:14,1
DA:16,1
DA:18,1
DA:19,1
DA:20,1
DA:21,1
DA:23,1
DA:24,1
DA:25,1
DA:27,1
LF:12
LH:12
end_of_record
SF:lib/presentation/widgets/empty_list.dart
DA:4,1
DA:7,0
DA:11,1
DA:13,1
DA:14,1
DA:15,2
LF:6
LH:5
end_of_record
SF:lib/presentation/pages/home_tvseries/widgets/lists/popular_tvseries_list.dart
DA:10,1
DA:13,1
DA:17,1
DA:19,1
DA:20,1
DA:21,1
DA:25,1
DA:26,2
DA:27,2
DA:29,1
DA:30,1
DA:31,2
DA:32,1
DA:34,2
DA:37,1
DA:38,1
DA:40,2
LF:17
LH:17
end_of_record
